# JRE version: Java(TM) SE Runtime Environment (8.0_91-b15) (build 1.8.0_91-b15)
# Java VM: Java HotSpot(TM) 64-Bit Server VM (25.91-b15 mixed mode windows-amd64 compressed oops)
Heap:
 PSYoungGen      total 38400K, used 30319K [0x00000000eb300000, 0x00000000efe00000, 0x0000000100000000)
  eden space 31744K, 95% used [0x00000000eb300000,0x00000000ed09bd88,0x00000000ed200000)
  from space 6656K, 0% used [0x00000000ed200000,0x00000000ed200000,0x00000000ed880000)
  to   space 6656K, 0% used [0x00000000ef780000,0x00000000ef780000,0x00000000efe00000)
 ParOldGen       total 33792K, used 7014K [0x00000000c1800000, 0x00000000c3900000, 0x00000000eb300000)
  object space 33792K, 20% used [0x00000000c1800000,0x00000000c1ed9870,0x00000000c3900000)
 Metaspace       used 25153K, capacity 25812K, committed 25984K, reserved 1071104K
  class space    used 3455K, capacity 3648K, committed 3712K, reserved 1048576K
GC Heap History (10 events):
Event: 2.289 GC heap before
{Heap before GC invocations=4 (full 0):
 PSYoungGen      total 18944K, used 18926K [0x00000000eb300000, 0x00000000ec800000, 0x0000000100000000)
  eden space 16384K, 100% used [0x00000000eb300000,0x00000000ec300000,0x00000000ec300000)
  from space 2560K, 99% used [0x00000000ec300000,0x00000000ec57b8f0,0x00000000ec580000)
  to   space 2560K, 0% used [0x00000000ec580000,0x00000000ec580000,0x00000000ec800000)
 ParOldGen       total 44032K, used 1338K [0x00000000c1800000, 0x00000000c4300000, 0x00000000eb300000)
  object space 44032K, 3% used [0x00000000c1800000,0x00000000c194e908,0x00000000c4300000)
 Metaspace       used 11244K, capacity 11404K, committed 11648K, reserved 1058816K
  class space    used 1592K, capacity 1652K, committed 1664K, reserved 1048576K
Event: 2.296 GC heap after
Heap after GC invocations=4 (full 0):
 PSYoungGen      total 18944K, used 2552K [0x00000000eb300000, 0x00000000ed800000, 0x0000000100000000)
  eden space 16384K, 0% used [0x00000000eb300000,0x00000000eb300000,0x00000000ec300000)
  from space 2560K, 99% used [0x00000000ec580000,0x00000000ec7fe248,0x00000000ec800000)
  to   space 2560K, 0% used [0x00000000ec300000,0x00000000ec300000,0x00000000ec580000)
 ParOldGen       total 44032K, used 3067K [0x00000000c1800000, 0x00000000c4300000, 0x00000000eb300000)
  object space 44032K, 6% used [0x00000000c1800000,0x00000000c1afef28,0x00000000c4300000)
 Metaspace       used 11244K, capacity 11404K, committed 11648K, reserved 1058816K
  class space    used 1592K, capacity 1652K, committed 1664K, reserved 1048576K
}
Event: 2.834 GC heap before
{Heap before GC invocations=5 (full 0):
 PSYoungGen      total 18944K, used 18936K [0x00000000eb300000, 0x00000000ed800000, 0x0000000100000000)
  eden space 16384K, 100% used [0x00000000eb300000,0x00000000ec300000,0x00000000ec300000)
  from space 2560K, 99% used [0x00000000ec580000,0x00000000ec7fe248,0x00000000ec800000)
  to   space 2560K, 0% used [0x00000000ec300000,0x00000000ec300000,0x00000000ec580000)
 ParOldGen       total 44032K, used 3067K [0x00000000c1800000, 0x00000000c4300000, 0x00000000eb300000)
  object space 44032K, 6% used [0x00000000c1800000,0x00000000c1afef28,0x00000000c4300000)
 Metaspace       used 15278K, capacity 15460K, committed 15872K, reserved 1062912K
  class space    used 2137K, capacity 2207K, committed 2304K, reserved 1048576K
Event: 2.843 GC heap after
Heap after GC invocations=5 (full 0):
 PSYoungGen      total 18944K, used 2544K [0x00000000eb300000, 0x00000000ede00000, 0x0000000100000000)
  eden space 16384K, 0% used [0x00000000eb300000,0x00000000eb300000,0x00000000ec300000)
  from space 2560K, 99% used [0x00000000ec300000,0x00000000ec57c050,0x00000000ec580000)
  to   space 5632K, 0% used [0x00000000ed880000,0x00000000ed880000,0x00000000ede00000)
 ParOldGen       total 44032K, used 5529K [0x00000000c1800000, 0x00000000c4300000, 0x00000000eb300000)
  object space 44032K, 12% used [0x00000000c1800000,0x00000000c1d666e8,0x00000000c4300000)
 Metaspace       used 15278K, capacity 15460K, committed 15872K, reserved 1062912K
  class space    used 2137K, capacity 2207K, committed 2304K, reserved 1048576K
}
Event: 4.225 GC heap before
{Heap before GC invocations=6 (full 0):
 PSYoungGen      total 18944K, used 18928K [0x00000000eb300000, 0x00000000ede00000, 0x0000000100000000)
  eden space 16384K, 100% used [0x00000000eb300000,0x00000000ec300000,0x00000000ec300000)
  from space 2560K, 99% used [0x00000000ec300000,0x00000000ec57c050,0x00000000ec580000)
  to   space 5632K, 0% used [0x00000000ed880000,0x00000000ed880000,0x00000000ede00000)
 ParOldGen       total 44032K, used 5529K [0x00000000c1800000, 0x00000000c4300000, 0x00000000eb300000)
  object space 44032K, 12% used [0x00000000c1800000,0x00000000c1d666e8,0x00000000c4300000)
 Metaspace       used 18853K, capacity 19398K, committed 19456K, reserved 1067008K
  class space    used 2627K, capacity 2773K, committed 2816K, reserved 1048576K
Event: 4.236 GC heap after
Heap after GC invocations=6 (full 0):
 PSYoungGen      total 37376K, used 5485K [0x00000000eb300000, 0x00000000ee000000, 0x0000000100000000)
  eden space 31744K, 0% used [0x00000000eb300000,0x00000000eb300000,0x00000000ed200000)
  from space 5632K, 97% used [0x00000000ed880000,0x00000000edddb490,0x00000000ede00000)
  to   space 6656K, 0% used [0x00000000ed200000,0x00000000ed200000,0x00000000ed880000)
 ParOldGen       total 44032K, used 5537K [0x00000000c1800000, 0x00000000c4300000, 0x00000000eb300000)
  object space 44032K, 12% used [0x00000000c1800000,0x00000000c1d686e8,0x00000000c4300000)
 Metaspace       used 18853K, capacity 19398K, committed 19456K, reserved 1067008K
  class space    used 2627K, capacity 2773K, committed 2816K, reserved 1048576K
}
Event: 6.936 GC heap before
{Heap before GC invocations=7 (full 0):
 PSYoungGen      total 37376K, used 14821K [0x00000000eb300000, 0x00000000ee000000, 0x0000000100000000)
  eden space 31744K, 29% used [0x00000000eb300000,0x00000000ebc1e020,0x00000000ed200000)
  from space 5632K, 97% used [0x00000000ed880000,0x00000000edddb490,0x00000000ede00000)
  to   space 6656K, 0% used [0x00000000ed200000,0x00000000ed200000,0x00000000ed880000)
 ParOldGen       total 44032K, used 5537K [0x00000000c1800000, 0x00000000c4300000, 0x00000000eb300000)
  object space 44032K, 12% used [0x00000000c1800000,0x00000000c1d686e8,0x00000000c4300000)
 Metaspace       used 20625K, capacity 21252K, committed 21296K, reserved 1067008K
  class space    used 2883K, capacity 3070K, committed 3072K, reserved 1048576K
Event: 6.961 GC heap after
Heap after GC invocations=7 (full 0):
 PSYoungGen      total 38400K, used 4798K [0x00000000eb300000, 0x00000000efe00000, 0x0000000100000000)
  eden space 31744K, 0% used [0x00000000eb300000,0x00000000eb300000,0x00000000ed200000)
  from space 6656K, 72% used [0x00000000ed200000,0x00000000ed6afbd0,0x00000000ed880000)
  to   space 6656K, 0% used [0x00000000ef780000,0x00000000ef780000,0x00000000efe00000)
 ParOldGen       total 44032K, used 6689K [0x00000000c1800000, 0x00000000c4300000, 0x00000000eb300000)
  object space 44032K, 15% used [0x00000000c1800000,0x00000000c1e885f8,0x00000000c4300000)
 Metaspace       used 20625K, capacity 21252K, committed 21296K, reserved 1067008K
  class space    used 2883K, capacity 3070K, committed 3072K, reserved 1048576K
}
Event: 6.961 GC heap before
{Heap before GC invocations=8 (full 1):
 PSYoungGen      total 38400K, used 4798K [0x00000000eb300000, 0x00000000efe00000, 0x0000000100000000)
  eden space 31744K, 0% used [0x00000000eb300000,0x00000000eb300000,0x00000000ed200000)
  from space 6656K, 72% used [0x00000000ed200000,0x00000000ed6afbd0,0x00000000ed880000)
  to   space 6656K, 0% used [0x00000000ef780000,0x00000000ef780000,0x00000000efe00000)
 ParOldGen       total 44032K, used 6689K [0x00000000c1800000, 0x00000000c4300000, 0x00000000eb300000)
  object space 44032K, 15% used [0x00000000c1800000,0x00000000c1e885f8,0x00000000c4300000)
 Metaspace       used 20625K, capacity 21252K, committed 21296K, reserved 1067008K
  class space    used 2883K, capacity 3070K, committed 3072K, reserved 1048576K
Event: 7.019 GC heap after
Heap after GC invocations=8 (full 1):
 PSYoungGen      total 38400K, used 0K [0x00000000eb300000, 0x00000000efe00000, 0x0000000100000000)
  eden space 31744K, 0% used [0x00000000eb300000,0x00000000eb300000,0x00000000ed200000)
  from space 6656K, 0% used [0x00000000ed200000,0x00000000ed200000,0x00000000ed880000)
  to   space 6656K, 0% used [0x00000000ef780000,0x00000000ef780000,0x00000000efe00000)
 ParOldGen       total 33792K, used 7014K [0x00000000c1800000, 0x00000000c3900000, 0x00000000eb300000)
  object space 33792K, 20% used [0x00000000c1800000,0x00000000c1ed9870,0x00000000c3900000)
 Metaspace       used 20625K, capacity 21252K, committed 21296K, reserved 1067008K
  class space    used 2883K, capacity 3070K, committed 3072K, reserved 1048576K
}

